<?xml version="1.0" encoding="UTF-8"?>
<!-- Generated by org.testng.reporters.JUnitReportReporter -->
<testsuite hostname="Dasvin" failures="0" tests="3" name="testCases.AddToCartFunctionality" time="10.828" errors="0" timestamp="2025-01-17T20:10:26 IST" skipped="0">
  <testcase classname="testCases.AddToCartFunctionality" name="addProductThreeUnitToCart" time="4.167"/>
  <testcase classname="testCases.AddToCartFunctionality" name="addProductTwoUnitToCart" time="3.387"/>
  <testcase classname="testCases.AddToCartFunctionality" name="addProductOneUnitToCart" time="3.274"/>
</testsuite> <!-- testCases.AddToCartFunctionality -->
