<?xml version="1.0" encoding="UTF-8"?>
<!-- Generated by org.testng.reporters.JUnitReportReporter -->
<testsuite hostname="Dasvin" failures="0" tests="2" name="testCases.VisitorEntryFunctionality" time="6.740" errors="0" timestamp="2025-01-11T03:32:48 IST" skipped="0">
  <testcase classname="testCases.VisitorEntryFunctionality" name="VisitorLoginWithInvalidPasscode" time="2.474"/>
  <testcase classname="testCases.VisitorEntryFunctionality" name="VisitorLoginWithValidPasscode" time="4.266"/>
</testsuite> <!-- testCases.VisitorEntryFunctionality -->
